<?xml version="1.0" encoding="UTF-8"?>
<!-- Generated by org.testng.reporters.JUnitXMLReporter -->
<testsuite hostname="Mounika" ignored="0" name="Default test" tests="5" failures="0" timestamp="11 Mar 2020 09:21:26 GMT" time="91.581" errors="0">
  <testcase name="signOn" time="2.036" classname="com.NewToursApplication_TestCases.NewTours_LogInPageTest"/>
  <testcase name="Register" time="1.327" classname="com.NewToursApplication_TestCases.NewTours_LogInPageTest"/>
  <testcase name="LogIn" time="22.054" classname="com.NewToursApplication_TestCases.NewTours_LogInPageTest"/>
  <testcase name="Support" time="1.267" classname="com.NewToursApplication_TestCases.NewTours_LogInPageTest"/>
  <testcase name="Contact" time="1.07" classname="com.NewToursApplication_TestCases.NewTours_LogInPageTest"/>
</testsuite> <!-- Default test -->
