<?xml version="1.0" encoding="UTF-8"?>
<testng-results skipped="0" failed="0" ignored="0" total="1" passed="1">
  <reporter-output>
  </reporter-output>
  <suite name="Default suite" duration-ms="11713" started-at="2020-03-10T11:06:35Z" finished-at="2020-03-10T11:06:47Z">
    <groups>
    </groups>
    <test name="Default test" duration-ms="11713" started-at="2020-03-10T11:06:35Z" finished-at="2020-03-10T11:06:47Z">
      <class name="com.TestNG.Rediffmail_FullName">
        <test-method status="PASS" signature="setUp()[pri:0, instance:com.TestNG.Rediffmail_FullName@3daa422a]" name="setUp" is-config="true" duration-ms="11460" started-at="2020-03-10T11:06:35Z" finished-at="2020-03-10T11:06:47Z">
          <reporter-output>
          </reporter-output>
        </test-method> <!-- setUp -->
        <test-method status="PASS" signature="FullName()[pri:0, instance:com.TestNG.Rediffmail_FullName@3daa422a]" name="FullName" duration-ms="213" started-at="2020-03-10T11:06:47Z" finished-at="2020-03-10T11:06:47Z">
          <reporter-output>
          </reporter-output>
        </test-method> <!-- FullName -->
      </class> <!-- com.TestNG.Rediffmail_FullName -->
    </test> <!-- Default test -->
  </suite> <!-- Default suite -->
</testng-results>
